mode: set
github.com/bartvanbenthem/gofound-webapp/internal/forms/forms.go:18.29,20.2 1 1
github.com/bartvanbenthem/gofound-webapp/internal/forms/forms.go:23.33,28.2 1 1
github.com/bartvanbenthem/gofound-webapp/internal/forms/forms.go:31.43,32.31 1 1
github.com/bartvanbenthem/gofound-webapp/internal/forms/forms.go:32.31,34.37 2 1
github.com/bartvanbenthem/gofound-webapp/internal/forms/forms.go:34.37,36.4 1 1
github.com/bartvanbenthem/gofound-webapp/internal/forms/forms.go:41.39,43.13 2 1
github.com/bartvanbenthem/gofound-webapp/internal/forms/forms.go:46.2,46.13 1 1
github.com/bartvanbenthem/gofound-webapp/internal/forms/forms.go:43.13,45.3 1 1
github.com/bartvanbenthem/gofound-webapp/internal/forms/forms.go:50.57,52.21 2 1
github.com/bartvanbenthem/gofound-webapp/internal/forms/forms.go:56.2,56.13 1 1
github.com/bartvanbenthem/gofound-webapp/internal/forms/forms.go:52.21,55.3 2 1
github.com/bartvanbenthem/gofound-webapp/internal/forms/forms.go:60.38,61.40 1 1
github.com/bartvanbenthem/gofound-webapp/internal/forms/forms.go:61.40,63.3 1 1
github.com/bartvanbenthem/gofound-webapp/internal/forms/errors.go:6.44,8.2 1 1
github.com/bartvanbenthem/gofound-webapp/internal/forms/errors.go:11.42,13.18 2 1
github.com/bartvanbenthem/gofound-webapp/internal/forms/errors.go:16.2,16.14 1 1
github.com/bartvanbenthem/gofound-webapp/internal/forms/errors.go:13.18,15.3 1 1
github.com/bartvanbenthem/gofound-webapp/cmd/web/routes.go:12.49,42.2 22 1
github.com/bartvanbenthem/gofound-webapp/cmd/web/sendmail.go:14.22,15.12 1 0
github.com/bartvanbenthem/gofound-webapp/cmd/web/sendmail.go:15.12,16.7 1 0
github.com/bartvanbenthem/gofound-webapp/cmd/web/sendmail.go:16.7,19.4 2 0
github.com/bartvanbenthem/gofound-webapp/cmd/web/sendmail.go:23.37,34.16 10 0
github.com/bartvanbenthem/gofound-webapp/cmd/web/sendmail.go:38.2,40.22 3 0
github.com/bartvanbenthem/gofound-webapp/cmd/web/sendmail.go:52.2,53.16 2 0
github.com/bartvanbenthem/gofound-webapp/cmd/web/sendmail.go:34.16,36.3 1 0
github.com/bartvanbenthem/gofound-webapp/cmd/web/sendmail.go:40.22,42.3 1 0
github.com/bartvanbenthem/gofound-webapp/cmd/web/sendmail.go:42.8,44.17 2 0
github.com/bartvanbenthem/gofound-webapp/cmd/web/sendmail.go:47.3,49.42 3 0
github.com/bartvanbenthem/gofound-webapp/cmd/web/sendmail.go:44.17,46.4 1 0
github.com/bartvanbenthem/gofound-webapp/cmd/web/sendmail.go:53.16,55.3 1 0
github.com/bartvanbenthem/gofound-webapp/cmd/web/sendmail.go:55.8,58.3 1 0
github.com/bartvanbenthem/gofound-webapp/cmd/web/main.go:23.13,25.16 2 0
github.com/bartvanbenthem/gofound-webapp/cmd/web/main.go:30.2,43.16 7 0
github.com/bartvanbenthem/gofound-webapp/cmd/web/main.go:25.16,27.3 1 0
github.com/bartvanbenthem/gofound-webapp/cmd/web/main.go:43.16,45.3 1 0
github.com/bartvanbenthem/gofound-webapp/cmd/web/main.go:48.18,70.16 13 1
github.com/bartvanbenthem/gofound-webapp/cmd/web/main.go:75.2,82.12 6 1
github.com/bartvanbenthem/gofound-webapp/cmd/web/main.go:70.16,73.3 2 0
github.com/bartvanbenthem/gofound-webapp/cmd/web/middleware.go:10.45,19.2 3 1
github.com/bartvanbenthem/gofound-webapp/cmd/web/middleware.go:22.50,24.2 1 1
github.com/bartvanbenthem/gofound-webapp/internal/render/render.go:22.40,24.2 1 1
github.com/bartvanbenthem/gofound-webapp/internal/render/render.go:27.84,33.2 5 1
github.com/bartvanbenthem/gofound-webapp/internal/render/render.go:36.105,39.18 2 1
github.com/bartvanbenthem/gofound-webapp/internal/render/render.go:46.2,47.9 2 1
github.com/bartvanbenthem/gofound-webapp/internal/render/render.go:52.2,59.16 5 1
github.com/bartvanbenthem/gofound-webapp/internal/render/render.go:64.2,64.12 1 1
github.com/bartvanbenthem/gofound-webapp/internal/render/render.go:39.18,42.3 1 0
github.com/bartvanbenthem/gofound-webapp/internal/render/render.go:42.8,44.3 1 1
github.com/bartvanbenthem/gofound-webapp/internal/render/render.go:47.9,50.3 1 1
github.com/bartvanbenthem/gofound-webapp/internal/render/render.go:59.16,62.3 2 0
github.com/bartvanbenthem/gofound-webapp/internal/render/render.go:69.67,74.16 3 1
github.com/bartvanbenthem/gofound-webapp/internal/render/render.go:78.2,78.29 1 1
github.com/bartvanbenthem/gofound-webapp/internal/render/render.go:100.2,100.21 1 1
github.com/bartvanbenthem/gofound-webapp/internal/render/render.go:74.16,76.3 1 0
github.com/bartvanbenthem/gofound-webapp/internal/render/render.go:78.29,81.17 3 1
github.com/bartvanbenthem/gofound-webapp/internal/render/render.go:85.3,86.17 2 1
github.com/bartvanbenthem/gofound-webapp/internal/render/render.go:90.3,90.23 1 1
github.com/bartvanbenthem/gofound-webapp/internal/render/render.go:97.3,97.21 1 1
github.com/bartvanbenthem/gofound-webapp/internal/render/render.go:81.17,83.4 1 0
github.com/bartvanbenthem/gofound-webapp/internal/render/render.go:86.17,88.4 1 0
github.com/bartvanbenthem/gofound-webapp/internal/render/render.go:90.23,92.18 2 1
github.com/bartvanbenthem/gofound-webapp/internal/render/render.go:92.18,94.5 1 0
github.com/bartvanbenthem/gofound-webapp/internal/handlers/handlers-status.go:9.76,14.16 4 1
github.com/bartvanbenthem/gofound-webapp/internal/handlers/handlers-status.go:18.2,20.13 3 1
github.com/bartvanbenthem/gofound-webapp/internal/handlers/handlers-status.go:14.16,16.3 1 0
github.com/bartvanbenthem/gofound-webapp/internal/handlers/handlers.go:22.47,26.2 1 1
github.com/bartvanbenthem/gofound-webapp/internal/handlers/handlers.go:29.33,31.2 1 1
github.com/bartvanbenthem/gofound-webapp/internal/handlers/handlers.go:34.67,36.2 1 1
github.com/bartvanbenthem/gofound-webapp/internal/handlers/handlers.go:39.68,48.2 3 1
github.com/bartvanbenthem/gofound-webapp/internal/handlers/handlers.go:51.68,53.2 1 1
github.com/bartvanbenthem/gofound-webapp/internal/handlers/handlers.go:56.70,65.2 4 1
github.com/bartvanbenthem/gofound-webapp/internal/handlers/handlers.go:68.74,70.16 2 1
github.com/bartvanbenthem/gofound-webapp/internal/handlers/handlers.go:75.2,89.19 7 1
github.com/bartvanbenthem/gofound-webapp/internal/handlers/handlers.go:99.2,121.63 6 0
github.com/bartvanbenthem/gofound-webapp/internal/handlers/handlers.go:70.16,73.3 2 0
github.com/bartvanbenthem/gofound-webapp/internal/handlers/handlers.go:89.19,97.3 4 1
github.com/bartvanbenthem/gofound-webapp/internal/handlers/handlers.go:125.78,127.9 2 0
github.com/bartvanbenthem/gofound-webapp/internal/handlers/handlers.go:134.2,141.4 4 0
github.com/bartvanbenthem/gofound-webapp/internal/handlers/handlers.go:127.9,132.3 4 0
github.com/bartvanbenthem/gofound-webapp/internal/handlers/handlers.go:145.71,154.2 4 1
github.com/bartvanbenthem/gofound-webapp/internal/handlers/handlers.go:157.75,159.16 2 1
github.com/bartvanbenthem/gofound-webapp/internal/handlers/handlers.go:164.2,175.19 6 1
github.com/bartvanbenthem/gofound-webapp/internal/handlers/handlers.go:185.2,186.64 2 1
github.com/bartvanbenthem/gofound-webapp/internal/handlers/handlers.go:159.16,162.3 2 0
github.com/bartvanbenthem/gofound-webapp/internal/handlers/handlers.go:175.19,183.3 4 0
github.com/bartvanbenthem/gofound-webapp/internal/handlers/handlers.go:190.79,192.9 2 1
github.com/bartvanbenthem/gofound-webapp/internal/handlers/handlers.go:199.2,206.4 4 0
github.com/bartvanbenthem/gofound-webapp/internal/handlers/handlers.go:192.9,197.3 4 1
github.com/bartvanbenthem/gofound-webapp/internal/handlers/setup_tests.go:26.22,27.12 1 1
github.com/bartvanbenthem/gofound-webapp/internal/handlers/setup_tests.go:27.12,28.7 1 1
github.com/bartvanbenthem/gofound-webapp/internal/handlers/setup_tests.go:28.7,30.4 1 1
github.com/bartvanbenthem/gofound-webapp/internal/handlers/setup_tests.go:34.31,58.16 15 1
github.com/bartvanbenthem/gofound-webapp/internal/handlers/setup_tests.go:62.2,93.15 22 1
github.com/bartvanbenthem/gofound-webapp/internal/handlers/setup_tests.go:58.16,60.3 1 0
github.com/bartvanbenthem/gofound-webapp/internal/handlers/setup_tests.go:97.45,107.2 3 0
github.com/bartvanbenthem/gofound-webapp/internal/handlers/setup_tests.go:110.50,112.2 1 1
github.com/bartvanbenthem/gofound-webapp/internal/handlers/setup_tests.go:115.71,120.16 3 1
github.com/bartvanbenthem/gofound-webapp/internal/handlers/setup_tests.go:124.2,124.29 1 1
github.com/bartvanbenthem/gofound-webapp/internal/handlers/setup_tests.go:146.2,146.21 1 1
github.com/bartvanbenthem/gofound-webapp/internal/handlers/setup_tests.go:120.16,122.3 1 0
github.com/bartvanbenthem/gofound-webapp/internal/handlers/setup_tests.go:124.29,127.17 3 1
github.com/bartvanbenthem/gofound-webapp/internal/handlers/setup_tests.go:131.3,132.17 2 1
github.com/bartvanbenthem/gofound-webapp/internal/handlers/setup_tests.go:136.3,136.23 1 1
github.com/bartvanbenthem/gofound-webapp/internal/handlers/setup_tests.go:143.3,143.21 1 1
github.com/bartvanbenthem/gofound-webapp/internal/handlers/setup_tests.go:127.17,129.4 1 0
github.com/bartvanbenthem/gofound-webapp/internal/handlers/setup_tests.go:132.17,134.4 1 0
github.com/bartvanbenthem/gofound-webapp/internal/handlers/setup_tests.go:136.23,138.18 2 1
github.com/bartvanbenthem/gofound-webapp/internal/handlers/setup_tests.go:138.18,140.5 1 0
